2022-06-11 10:06:12,823 INFO org.springframework.boot.StartupInfoLogger [main] Starting AdmisssionApplication using Java 17.0.2 on LAPTOP-I1J2FOPC with PID 38812 (C:\Users\Sourav\OneDrive\Desktop\Rambo Portal\springapp\target\classes started by Sourav in C:\Users\Sourav\OneDrive\Desktop\Rambo Portal)
2022-06-11 10:06:12,832 DEBUG org.springframework.boot.StartupInfoLogger [main] Running with Spring Boot v2.6.4, Spring v5.3.16
2022-06-11 10:06:12,834 INFO org.springframework.boot.SpringApplication [main] No active profile set, falling back to 1 default profile: "default"
2022-06-11 10:06:17,409 INFO org.springframework.data.repository.config.RepositoryConfigurationDelegate [main] Bootstrapping Spring Data JPA repositories in DEFAULT mode.
2022-06-11 10:06:17,926 INFO org.springframework.data.repository.config.RepositoryConfigurationDelegate [main] Finished Spring Data repository scanning in 441 ms. Found 6 JPA repository interfaces.
2022-06-11 10:06:22,464 INFO org.springframework.boot.web.embedded.tomcat.TomcatWebServer [main] Tomcat initialized with port(s): 8080 (http)
2022-06-11 10:06:22,528 INFO org.apache.juli.logging.DirectJDKLog [main] Initializing ProtocolHandler ["http-nio-8080"]
2022-06-11 10:06:22,538 INFO org.apache.juli.logging.DirectJDKLog [main] Starting service [Tomcat]
2022-06-11 10:06:22,542 INFO org.apache.juli.logging.DirectJDKLog [main] Starting Servlet engine: [Apache Tomcat/9.0.58]
2022-06-11 10:06:23,235 INFO org.apache.juli.logging.DirectJDKLog [main] Initializing Spring embedded WebApplicationContext
2022-06-11 10:06:23,239 INFO org.springframework.boot.web.servlet.context.ServletWebServerApplicationContext [main] Root WebApplicationContext: initialization completed in 10316 ms
2022-06-11 10:06:23,763 INFO org.hibernate.jpa.internal.util.LogHelper [main] HHH000204: Processing PersistenceUnitInfo [name: default]
2022-06-11 10:06:23,934 INFO org.hibernate.Version [main] HHH000412: Hibernate ORM core version 5.6.5.Final
2022-06-11 10:06:25,314 INFO org.hibernate.annotations.common.reflection.java.JavaReflectionManager [main] HCANN000001: Hibernate Commons Annotations {5.1.2.Final}
2022-06-11 10:06:26,156 INFO com.zaxxer.hikari.HikariDataSource [main] HikariPool-1 - Starting...
2022-06-11 10:06:26,999 INFO com.zaxxer.hikari.HikariDataSource [main] HikariPool-1 - Start completed.
2022-06-11 10:06:27,025 INFO org.hibernate.dialect.Dialect [main] HHH000400: Using dialect: org.hibernate.dialect.MySQL5Dialect
2022-06-11 10:06:30,417 INFO org.hibernate.engine.transaction.jta.platform.internal.JtaPlatformInitiator [main] HHH000490: Using JtaPlatform implementation: [org.hibernate.engine.transaction.jta.platform.internal.NoJtaPlatform]
2022-06-11 10:06:30,479 INFO org.springframework.orm.jpa.AbstractEntityManagerFactoryBean [main] Initialized JPA EntityManagerFactory for persistence unit 'default'
2022-06-11 10:06:32,596 WARN org.springframework.boot.autoconfigure.orm.jpa.JpaBaseConfiguration$JpaWebConfiguration [main] spring.jpa.open-in-view is enabled by default. Therefore, database queries may be performed during view rendering. Explicitly configure spring.jpa.open-in-view to disable this warning
2022-06-11 10:06:33,631 INFO org.apache.juli.logging.DirectJDKLog [main] Starting ProtocolHandler ["http-nio-8080"]
2022-06-11 10:06:33,993 INFO org.springframework.boot.web.embedded.tomcat.TomcatWebServer [main] Tomcat started on port(s): 8080 (http) with context path ''
2022-06-11 10:06:34,019 INFO springfox.documentation.spring.web.plugins.DocumentationPluginsBootstrapper [main] Context refreshed
2022-06-11 10:06:34,301 INFO springfox.documentation.spring.web.plugins.DocumentationPluginsBootstrapper [main] Found 1 custom documentation plugin(s)
2022-06-11 10:06:34,442 INFO springfox.documentation.spring.web.scanners.ApiListingReferenceScanner [main] Scanning for api listing references
2022-06-11 10:06:34,501 WARN springfox.documentation.schema.property.CachingModelPropertiesProvider [main] Exception calculating properties for model(com.diploma.admisssion.model.Admissions) -> ModelContext{groupName=default, type=com.diploma.admisssion.model.Admissions, isReturnType=true}. java.lang.NullPointerException: Cannot invoke "com.fasterxml.jackson.databind.ObjectMapper.getSerializationConfig()" because "this.objectMapper" is null
2022-06-11 10:06:34,511 WARN springfox.documentation.schema.property.CachingModelPropertiesProvider [main] Exception calculating properties for model(com.diploma.admisssion.model.Admissions) -> ModelContext{groupName=default, type=com.diploma.admisssion.model.Admissions, isReturnType=true}. java.lang.NullPointerException: Cannot invoke "com.fasterxml.jackson.databind.ObjectMapper.getSerializationConfig()" because "this.objectMapper" is null
2022-06-11 10:06:34,519 WARN springfox.documentation.schema.property.CachingModelPropertiesProvider [main] Exception calculating properties for model(com.diploma.admisssion.model.Admissions) -> ModelContext{groupName=default, type=com.diploma.admisssion.model.Admissions, isReturnType=false}. java.lang.NullPointerException: Cannot invoke "com.fasterxml.jackson.databind.ObjectMapper.getDeserializationConfig()" because "this.objectMapper" is null
2022-06-11 10:06:34,525 WARN springfox.documentation.schema.property.CachingModelPropertiesProvider [main] Exception calculating properties for model(com.diploma.admisssion.model.Admissions) -> ModelContext{groupName=default, type=com.diploma.admisssion.model.Admissions, isReturnType=false}. java.lang.NullPointerException: Cannot invoke "com.fasterxml.jackson.databind.ObjectMapper.getDeserializationConfig()" because "this.objectMapper" is null
2022-06-11 10:06:34,682 WARN springfox.documentation.schema.property.CachingModelPropertiesProvider [main] Exception calculating properties for model(com.diploma.admisssion.model.Courses) -> ModelContext{groupName=default, type=com.diploma.admisssion.model.Courses, isReturnType=false}. java.lang.NullPointerException: Cannot invoke "com.fasterxml.jackson.databind.ObjectMapper.getDeserializationConfig()" because "this.objectMapper" is null
2022-06-11 10:06:34,689 WARN springfox.documentation.schema.property.CachingModelPropertiesProvider [main] Exception calculating properties for model(com.diploma.admisssion.model.Courses) -> ModelContext{groupName=default, type=com.diploma.admisssion.model.Courses, isReturnType=false}. java.lang.NullPointerException: Cannot invoke "com.fasterxml.jackson.databind.ObjectMapper.getDeserializationConfig()" because "this.objectMapper" is null
2022-06-11 10:06:34,751 INFO springfox.documentation.spring.web.readers.operation.CachingOperationNameGenerator [main] Generating unique operation named: deleteCourseUsingDELETE_1
2022-06-11 10:06:34,754 WARN springfox.documentation.schema.property.CachingModelPropertiesProvider [main] Exception calculating properties for model(org.springframework.core.io.Resource) -> ModelContext{groupName=default, type=org.springframework.core.io.Resource, isReturnType=true}. java.lang.NullPointerException: Cannot invoke "com.fasterxml.jackson.databind.ObjectMapper.getSerializationConfig()" because "this.objectMapper" is null
2022-06-11 10:06:34,757 WARN springfox.documentation.schema.property.CachingModelPropertiesProvider [main] Exception calculating properties for model(org.springframework.core.io.Resource) -> ModelContext{groupName=default, type=org.springframework.core.io.Resource, isReturnType=true}. java.lang.NullPointerException: Cannot invoke "com.fasterxml.jackson.databind.ObjectMapper.getSerializationConfig()" because "this.objectMapper" is null
2022-06-11 10:06:34,768 WARN springfox.documentation.schema.property.CachingModelPropertiesProvider [main] Exception calculating properties for model(com.diploma.admisssion.model.Courses) -> ModelContext{groupName=default, type=com.diploma.admisssion.model.Courses, isReturnType=true}. java.lang.NullPointerException: Cannot invoke "com.fasterxml.jackson.databind.ObjectMapper.getSerializationConfig()" because "this.objectMapper" is null
2022-06-11 10:06:34,769 WARN springfox.documentation.schema.property.CachingModelPropertiesProvider [main] Exception calculating properties for model(com.diploma.admisssion.model.Courses) -> ModelContext{groupName=default, type=com.diploma.admisssion.model.Courses, isReturnType=true}. java.lang.NullPointerException: Cannot invoke "com.fasterxml.jackson.databind.ObjectMapper.getSerializationConfig()" because "this.objectMapper" is null
2022-06-11 10:06:34,782 WARN springfox.documentation.schema.property.CachingModelPropertiesProvider [main] Exception calculating properties for model(com.diploma.admisssion.model.CourseRegistration) -> ModelContext{groupName=default, type=com.diploma.admisssion.model.CourseRegistration, isReturnType=false}. java.lang.NullPointerException: Cannot invoke "com.fasterxml.jackson.databind.ObjectMapper.getDeserializationConfig()" because "this.objectMapper" is null
2022-06-11 10:06:34,784 WARN springfox.documentation.schema.property.CachingModelPropertiesProvider [main] Exception calculating properties for model(com.diploma.admisssion.model.CourseRegistration) -> ModelContext{groupName=default, type=com.diploma.admisssion.model.CourseRegistration, isReturnType=false}. java.lang.NullPointerException: Cannot invoke "com.fasterxml.jackson.databind.ObjectMapper.getDeserializationConfig()" because "this.objectMapper" is null
2022-06-11 10:06:34,787 WARN springfox.documentation.schema.property.CachingModelPropertiesProvider [main] Exception calculating properties for model(com.diploma.admisssion.model.CourseRegistration) -> ModelContext{groupName=default, type=com.diploma.admisssion.model.CourseRegistration, isReturnType=true}. java.lang.NullPointerException: Cannot invoke "com.fasterxml.jackson.databind.ObjectMapper.getSerializationConfig()" because "this.objectMapper" is null
2022-06-11 10:06:34,790 WARN springfox.documentation.schema.property.CachingModelPropertiesProvider [main] Exception calculating properties for model(com.diploma.admisssion.model.CourseRegistration) -> ModelContext{groupName=default, type=com.diploma.admisssion.model.CourseRegistration, isReturnType=true}. java.lang.NullPointerException: Cannot invoke "com.fasterxml.jackson.databind.ObjectMapper.getSerializationConfig()" because "this.objectMapper" is null
2022-06-11 10:06:34,797 WARN springfox.documentation.schema.property.CachingModelPropertiesProvider [main] Exception calculating properties for model(com.diploma.admisssion.model.Courses) -> ModelContext{groupName=default, type=com.diploma.admisssion.model.Courses, isReturnType=true}. java.lang.NullPointerException: Cannot invoke "com.fasterxml.jackson.databind.ObjectMapper.getSerializationConfig()" because "this.objectMapper" is null
2022-06-11 10:06:34,802 WARN springfox.documentation.schema.property.CachingModelPropertiesProvider [main] Exception calculating properties for model(java.util.List<com.diploma.admisssion.model.Courses>) -> ModelContext{groupName=default, type=java.util.List<com.diploma.admisssion.model.Courses>, isReturnType=true}. java.lang.NullPointerException: Cannot invoke "com.fasterxml.jackson.databind.ObjectMapper.getSerializationConfig()" because "this.objectMapper" is null
2022-06-11 10:06:34,804 WARN springfox.documentation.schema.property.CachingModelPropertiesProvider [main] Exception calculating properties for model(com.diploma.admisssion.model.Courses) -> ModelContext{groupName=default, type=com.diploma.admisssion.model.Courses, isReturnType=true}. java.lang.NullPointerException: Cannot invoke "com.fasterxml.jackson.databind.ObjectMapper.getSerializationConfig()" because "this.objectMapper" is null
2022-06-11 10:06:34,827 WARN springfox.documentation.schema.property.CachingModelPropertiesProvider [main] Exception calculating properties for model(com.diploma.admisssion.model.Courses) -> ModelContext{groupName=default, type=com.diploma.admisssion.model.Courses, isReturnType=true}. java.lang.NullPointerException: Cannot invoke "com.fasterxml.jackson.databind.ObjectMapper.getSerializationConfig()" because "this.objectMapper" is null
2022-06-11 10:06:34,839 WARN springfox.documentation.schema.property.CachingModelPropertiesProvider [main] Exception calculating properties for model(com.diploma.admisssion.model.CourseRegistration) -> ModelContext{groupName=default, type=com.diploma.admisssion.model.CourseRegistration, isReturnType=true}. java.lang.NullPointerException: Cannot invoke "com.fasterxml.jackson.databind.ObjectMapper.getSerializationConfig()" because "this.objectMapper" is null
2022-06-11 10:06:34,843 WARN springfox.documentation.schema.property.CachingModelPropertiesProvider [main] Exception calculating properties for model(java.util.List<com.diploma.admisssion.model.CourseRegistration>) -> ModelContext{groupName=default, type=java.util.List<com.diploma.admisssion.model.CourseRegistration>, isReturnType=true}. java.lang.NullPointerException: Cannot invoke "com.fasterxml.jackson.databind.ObjectMapper.getSerializationConfig()" because "this.objectMapper" is null
2022-06-11 10:06:34,847 WARN springfox.documentation.schema.property.CachingModelPropertiesProvider [main] Exception calculating properties for model(com.diploma.admisssion.model.CourseRegistration) -> ModelContext{groupName=default, type=com.diploma.admisssion.model.CourseRegistration, isReturnType=true}. java.lang.NullPointerException: Cannot invoke "com.fasterxml.jackson.databind.ObjectMapper.getSerializationConfig()" because "this.objectMapper" is null
2022-06-11 10:06:34,871 WARN springfox.documentation.schema.property.CachingModelPropertiesProvider [main] Exception calculating properties for model(com.diploma.admisssion.model.CourseRegistration) -> ModelContext{groupName=default, type=com.diploma.admisssion.model.CourseRegistration, isReturnType=true}. java.lang.NullPointerException: Cannot invoke "com.fasterxml.jackson.databind.ObjectMapper.getSerializationConfig()" because "this.objectMapper" is null
2022-06-11 10:06:34,903 WARN springfox.documentation.schema.property.CachingModelPropertiesProvider [main] Exception calculating properties for model(com.diploma.admisssion.model.Institutes) -> ModelContext{groupName=default, type=com.diploma.admisssion.model.Institutes, isReturnType=false}. java.lang.NullPointerException: Cannot invoke "com.fasterxml.jackson.databind.ObjectMapper.getDeserializationConfig()" because "this.objectMapper" is null
2022-06-11 10:06:34,907 WARN springfox.documentation.schema.property.CachingModelPropertiesProvider [main] Exception calculating properties for model(com.diploma.admisssion.model.Institutes) -> ModelContext{groupName=default, type=com.diploma.admisssion.model.Institutes, isReturnType=false}. java.lang.NullPointerException: Cannot invoke "com.fasterxml.jackson.databind.ObjectMapper.getDeserializationConfig()" because "this.objectMapper" is null
2022-06-11 10:06:34,918 INFO springfox.documentation.spring.web.readers.operation.CachingOperationNameGenerator [main] Generating unique operation named: addUsingPOST_1
2022-06-11 10:06:34,938 WARN springfox.documentation.schema.property.CachingModelPropertiesProvider [main] Exception calculating properties for model(com.diploma.admisssion.model.Institutes) -> ModelContext{groupName=default, type=com.diploma.admisssion.model.Institutes, isReturnType=true}. java.lang.NullPointerException: Cannot invoke "com.fasterxml.jackson.databind.ObjectMapper.getSerializationConfig()" because "this.objectMapper" is null
2022-06-11 10:06:34,942 WARN springfox.documentation.schema.property.CachingModelPropertiesProvider [main] Exception calculating properties for model(com.diploma.admisssion.model.Institutes) -> ModelContext{groupName=default, type=com.diploma.admisssion.model.Institutes, isReturnType=true}. java.lang.NullPointerException: Cannot invoke "com.fasterxml.jackson.databind.ObjectMapper.getSerializationConfig()" because "this.objectMapper" is null
2022-06-11 10:06:34,950 WARN springfox.documentation.schema.property.CachingModelPropertiesProvider [main] Exception calculating properties for model(com.diploma.admisssion.model.Institutes) -> ModelContext{groupName=default, type=com.diploma.admisssion.model.Institutes, isReturnType=true}. java.lang.NullPointerException: Cannot invoke "com.fasterxml.jackson.databind.ObjectMapper.getSerializationConfig()" because "this.objectMapper" is null
2022-06-11 10:06:34,951 WARN springfox.documentation.schema.property.CachingModelPropertiesProvider [main] Exception calculating properties for model(java.util.List<com.diploma.admisssion.model.Institutes>) -> ModelContext{groupName=default, type=java.util.List<com.diploma.admisssion.model.Institutes>, isReturnType=true}. java.lang.NullPointerException: Cannot invoke "com.fasterxml.jackson.databind.ObjectMapper.getSerializationConfig()" because "this.objectMapper" is null
2022-06-11 10:06:34,953 WARN springfox.documentation.schema.property.CachingModelPropertiesProvider [main] Exception calculating properties for model(com.diploma.admisssion.model.Institutes) -> ModelContext{groupName=default, type=com.diploma.admisssion.model.Institutes, isReturnType=true}. java.lang.NullPointerException: Cannot invoke "com.fasterxml.jackson.databind.ObjectMapper.getSerializationConfig()" because "this.objectMapper" is null
2022-06-11 10:06:34,959 INFO springfox.documentation.spring.web.readers.operation.CachingOperationNameGenerator [main] Generating unique operation named: getAllUsingGET_1
2022-06-11 10:06:34,969 WARN springfox.documentation.schema.property.CachingModelPropertiesProvider [main] Exception calculating properties for model(com.diploma.admisssion.model.UserRatings) -> ModelContext{groupName=default, type=com.diploma.admisssion.model.UserRatings, isReturnType=true}. java.lang.NullPointerException: Cannot invoke "com.fasterxml.jackson.databind.ObjectMapper.getSerializationConfig()" because "this.objectMapper" is null
2022-06-11 10:06:34,972 WARN springfox.documentation.schema.property.CachingModelPropertiesProvider [main] Exception calculating properties for model(java.util.List<com.diploma.admisssion.model.UserRatings>) -> ModelContext{groupName=default, type=java.util.List<com.diploma.admisssion.model.UserRatings>, isReturnType=true}. java.lang.NullPointerException: Cannot invoke "com.fasterxml.jackson.databind.ObjectMapper.getSerializationConfig()" because "this.objectMapper" is null
2022-06-11 10:06:34,976 WARN springfox.documentation.schema.property.CachingModelPropertiesProvider [main] Exception calculating properties for model(com.diploma.admisssion.model.UserRatings) -> ModelContext{groupName=default, type=com.diploma.admisssion.model.UserRatings, isReturnType=true}. java.lang.NullPointerException: Cannot invoke "com.fasterxml.jackson.databind.ObjectMapper.getSerializationConfig()" because "this.objectMapper" is null
2022-06-11 10:06:34,984 WARN springfox.documentation.schema.property.CachingModelPropertiesProvider [main] Exception calculating properties for model(com.diploma.admisssion.model.UserRatings) -> ModelContext{groupName=default, type=com.diploma.admisssion.model.UserRatings, isReturnType=false}. java.lang.NullPointerException: Cannot invoke "com.fasterxml.jackson.databind.ObjectMapper.getDeserializationConfig()" because "this.objectMapper" is null
2022-06-11 10:06:34,987 WARN springfox.documentation.schema.property.CachingModelPropertiesProvider [main] Exception calculating properties for model(com.diploma.admisssion.model.UserRatings) -> ModelContext{groupName=default, type=com.diploma.admisssion.model.UserRatings, isReturnType=false}. java.lang.NullPointerException: Cannot invoke "com.fasterxml.jackson.databind.ObjectMapper.getDeserializationConfig()" because "this.objectMapper" is null
2022-06-11 10:06:34,991 WARN springfox.documentation.schema.property.CachingModelPropertiesProvider [main] Exception calculating properties for model(com.diploma.admisssion.model.UserRatings) -> ModelContext{groupName=default, type=com.diploma.admisssion.model.UserRatings, isReturnType=true}. java.lang.NullPointerException: Cannot invoke "com.fasterxml.jackson.databind.ObjectMapper.getSerializationConfig()" because "this.objectMapper" is null
2022-06-11 10:06:34,993 WARN springfox.documentation.schema.property.CachingModelPropertiesProvider [main] Exception calculating properties for model(com.diploma.admisssion.model.UserRatings) -> ModelContext{groupName=default, type=com.diploma.admisssion.model.UserRatings, isReturnType=true}. java.lang.NullPointerException: Cannot invoke "com.fasterxml.jackson.databind.ObjectMapper.getSerializationConfig()" because "this.objectMapper" is null
2022-06-11 10:06:35,001 WARN springfox.documentation.schema.property.CachingModelPropertiesProvider [main] Exception calculating properties for model(com.diploma.admisssion.model.Institutes) -> ModelContext{groupName=default, type=com.diploma.admisssion.model.Institutes, isReturnType=true}. java.lang.NullPointerException: Cannot invoke "com.fasterxml.jackson.databind.ObjectMapper.getSerializationConfig()" because "this.objectMapper" is null
2022-06-11 10:06:35,008 WARN springfox.documentation.schema.property.CachingModelPropertiesProvider [main] Exception calculating properties for model(com.diploma.admisssion.model.User) -> ModelContext{groupName=default, type=com.diploma.admisssion.model.User, isReturnType=true}. java.lang.NullPointerException: Cannot invoke "com.fasterxml.jackson.databind.ObjectMapper.getSerializationConfig()" because "this.objectMapper" is null
2022-06-11 10:06:35,010 WARN springfox.documentation.schema.property.CachingModelPropertiesProvider [main] Exception calculating properties for model(com.diploma.admisssion.model.User) -> ModelContext{groupName=default, type=com.diploma.admisssion.model.User, isReturnType=true}. java.lang.NullPointerException: Cannot invoke "com.fasterxml.jackson.databind.ObjectMapper.getSerializationConfig()" because "this.objectMapper" is null
2022-06-11 10:06:35,012 WARN springfox.documentation.schema.property.CachingModelPropertiesProvider [main] Exception calculating properties for model(com.diploma.admisssion.model.User) -> ModelContext{groupName=default, type=com.diploma.admisssion.model.User, isReturnType=false}. java.lang.NullPointerException: Cannot invoke "com.fasterxml.jackson.databind.ObjectMapper.getDeserializationConfig()" because "this.objectMapper" is null
2022-06-11 10:06:35,014 WARN springfox.documentation.schema.property.CachingModelPropertiesProvider [main] Exception calculating properties for model(com.diploma.admisssion.model.User) -> ModelContext{groupName=default, type=com.diploma.admisssion.model.User, isReturnType=false}. java.lang.NullPointerException: Cannot invoke "com.fasterxml.jackson.databind.ObjectMapper.getDeserializationConfig()" because "this.objectMapper" is null
2022-06-11 10:06:35,018 INFO springfox.documentation.spring.web.readers.operation.CachingOperationNameGenerator [main] Generating unique operation named: addUsingPOST_2
2022-06-11 10:06:35,020 WARN springfox.documentation.schema.property.CachingModelPropertiesProvider [main] Exception calculating properties for model(com.diploma.admisssion.model.User) -> ModelContext{groupName=default, type=com.diploma.admisssion.model.User, isReturnType=true}. java.lang.NullPointerException: Cannot invoke "com.fasterxml.jackson.databind.ObjectMapper.getSerializationConfig()" because "this.objectMapper" is null
2022-06-11 10:06:35,023 WARN springfox.documentation.schema.property.CachingModelPropertiesProvider [main] Exception calculating properties for model(java.util.List<com.diploma.admisssion.model.User>) -> ModelContext{groupName=default, type=java.util.List<com.diploma.admisssion.model.User>, isReturnType=true}. java.lang.NullPointerException: Cannot invoke "com.fasterxml.jackson.databind.ObjectMapper.getSerializationConfig()" because "this.objectMapper" is null
2022-06-11 10:06:35,025 WARN springfox.documentation.schema.property.CachingModelPropertiesProvider [main] Exception calculating properties for model(com.diploma.admisssion.model.User) -> ModelContext{groupName=default, type=com.diploma.admisssion.model.User, isReturnType=true}. java.lang.NullPointerException: Cannot invoke "com.fasterxml.jackson.databind.ObjectMapper.getSerializationConfig()" because "this.objectMapper" is null
2022-06-11 10:06:35,062 INFO org.springframework.boot.StartupInfoLogger [main] Started AdmisssionApplication in 24.895 seconds (JVM running for 27.382)
2022-06-11 10:19:43,539 INFO org.apache.juli.logging.DirectJDKLog [http-nio-8080-exec-2] Initializing Spring DispatcherServlet 'dispatcherServlet'
2022-06-11 10:19:43,553 INFO org.springframework.web.servlet.FrameworkServlet [http-nio-8080-exec-2] Initializing Servlet 'dispatcherServlet'
2022-06-11 10:19:43,612 INFO springfox.documentation.spring.web.PropertySourcedRequestMappingHandlerMapping [http-nio-8080-exec-2] Mapped URL path [/v2/api-docs] onto method [springfox.documentation.swagger2.web.Swagger2Controller#getDocumentation(String, HttpServletRequest)]
2022-06-11 10:19:44,120 INFO org.springframework.web.servlet.FrameworkServlet [http-nio-8080-exec-2] Completed initialization in 566 ms
2022-06-11 10:19:45,090 INFO com.diploma.admisssion.controller.UserContoller [http-nio-8080-exec-1] User [confirmpwd=c291cmF2MDEwMQ==, email=sourava@gmail.com, mobno=7894561230, name=Sourav Roy, pwd=c291cmF2MDEwMQ==, user_type=1, userid=4]
2022-06-11 10:20:03,492 INFO com.diploma.admisssion.controller.UserContoller [http-nio-8080-exec-3] Logged in with: souravr@gmail.com
2022-06-11 10:21:15,974 INFO com.diploma.admisssion.controller.InstituteController [http-nio-8080-exec-7] Institutes [InstituteDescription=This is an enginering college, imgLocation=images/RK.png, institueName=Vel Tech, institutePlace=Chennai, institutesid=16, rating=0.0]
2022-06-11 10:23:13,779 INFO com.diploma.admisssion.controller.UserContoller [http-nio-8080-exec-3] Logged in with: royr67516@gmail.com
2022-06-11 10:24:49,277 ERROR com.diploma.admisssion.exceptions.CustomGlobalExceptionHandler [http-nio-8080-exec-2] Error
com.diploma.admisssion.exceptions.InvalidUserException: Inavlid Login Credentials
	at com.diploma.admisssion.service.UserServiceImpl.loginUser(UserServiceImpl.java:53)
	at com.diploma.admisssion.controller.UserContoller.login(UserContoller.java:47)
	at java.base/jdk.internal.reflect.NativeMethodAccessorImpl.invoke0(Native Method)
	at java.base/jdk.internal.reflect.NativeMethodAccessorImpl.invoke(NativeMethodAccessorImpl.java:77)
	at java.base/jdk.internal.reflect.DelegatingMethodAccessorImpl.invoke(DelegatingMethodAccessorImpl.java:43)
	at java.base/java.lang.reflect.Method.invoke(Method.java:568)
	at org.springframework.web.method.support.InvocableHandlerMethod.doInvoke(InvocableHandlerMethod.java:205)
	at org.springframework.web.method.support.InvocableHandlerMethod.invokeForRequest(InvocableHandlerMethod.java:150)
	at org.springframework.web.servlet.mvc.method.annotation.ServletInvocableHandlerMethod.invokeAndHandle(ServletInvocableHandlerMethod.java:117)
	at org.springframework.web.servlet.mvc.method.annotation.RequestMappingHandlerAdapter.invokeHandlerMethod(RequestMappingHandlerAdapter.java:895)
	at org.springframework.web.servlet.mvc.method.annotation.RequestMappingHandlerAdapter.handleInternal(RequestMappingHandlerAdapter.java:808)
	at org.springframework.web.servlet.mvc.method.AbstractHandlerMethodAdapter.handle(AbstractHandlerMethodAdapter.java:87)
	at org.springframework.web.servlet.DispatcherServlet.doDispatch(DispatcherServlet.java:1067)
	at org.springframework.web.servlet.DispatcherServlet.doService(DispatcherServlet.java:963)
	at org.springframework.web.servlet.FrameworkServlet.processRequest(FrameworkServlet.java:1006)
	at org.springframework.web.servlet.FrameworkServlet.doPost(FrameworkServlet.java:909)
	at javax.servlet.http.HttpServlet.service(HttpServlet.java:681)
	at org.springframework.web.servlet.FrameworkServlet.service(FrameworkServlet.java:883)
	at javax.servlet.http.HttpServlet.service(HttpServlet.java:764)
	at org.apache.catalina.core.ApplicationFilterChain.internalDoFilter(ApplicationFilterChain.java:227)
	at org.apache.catalina.core.ApplicationFilterChain.doFilter(ApplicationFilterChain.java:162)
	at org.apache.tomcat.websocket.server.WsFilter.doFilter(WsFilter.java:53)
	at org.apache.catalina.core.ApplicationFilterChain.internalDoFilter(ApplicationFilterChain.java:189)
	at org.apache.catalina.core.ApplicationFilterChain.doFilter(ApplicationFilterChain.java:162)
	at org.springframework.web.filter.RequestContextFilter.doFilterInternal(RequestContextFilter.java:100)
	at org.springframework.web.filter.OncePerRequestFilter.doFilter(OncePerRequestFilter.java:117)
	at org.apache.catalina.core.ApplicationFilterChain.internalDoFilter(ApplicationFilterChain.java:189)
	at org.apache.catalina.core.ApplicationFilterChain.doFilter(ApplicationFilterChain.java:162)
	at org.springframework.web.filter.FormContentFilter.doFilterInternal(FormContentFilter.java:93)
	at org.springframework.web.filter.OncePerRequestFilter.doFilter(OncePerRequestFilter.java:117)
	at org.apache.catalina.core.ApplicationFilterChain.internalDoFilter(ApplicationFilterChain.java:189)
	at org.apache.catalina.core.ApplicationFilterChain.doFilter(ApplicationFilterChain.java:162)
	at org.springframework.web.filter.CharacterEncodingFilter.doFilterInternal(CharacterEncodingFilter.java:201)
	at org.springframework.web.filter.OncePerRequestFilter.doFilter(OncePerRequestFilter.java:117)
	at org.apache.catalina.core.ApplicationFilterChain.internalDoFilter(ApplicationFilterChain.java:189)
	at org.apache.catalina.core.ApplicationFilterChain.doFilter(ApplicationFilterChain.java:162)
	at org.apache.catalina.core.StandardWrapperValve.invoke(StandardWrapperValve.java:197)
	at org.apache.catalina.core.StandardContextValve.invoke(StandardContextValve.java:97)
	at org.apache.catalina.authenticator.AuthenticatorBase.invoke(AuthenticatorBase.java:540)
	at org.apache.catalina.core.StandardHostValve.invoke(StandardHostValve.java:135)
	at org.apache.catalina.valves.ErrorReportValve.invoke(ErrorReportValve.java:92)
	at org.apache.catalina.core.StandardEngineValve.invoke(StandardEngineValve.java:78)
	at org.apache.catalina.connector.CoyoteAdapter.service(CoyoteAdapter.java:359)
	at org.apache.coyote.http11.Http11Processor.service(Http11Processor.java:399)
	at org.apache.coyote.AbstractProcessorLight.process(AbstractProcessorLight.java:65)
	at org.apache.coyote.AbstractProtocol$ConnectionHandler.process(AbstractProtocol.java:889)
	at org.apache.tomcat.util.net.NioEndpoint$SocketProcessor.doRun(NioEndpoint.java:1735)
	at org.apache.tomcat.util.net.SocketProcessorBase.run(SocketProcessorBase.java:49)
	at org.apache.tomcat.util.threads.ThreadPoolExecutor.runWorker(ThreadPoolExecutor.java:1191)
	at org.apache.tomcat.util.threads.ThreadPoolExecutor$Worker.run(ThreadPoolExecutor.java:659)
	at org.apache.tomcat.util.threads.TaskThread$WrappingRunnable.run(TaskThread.java:61)
	at java.base/java.lang.Thread.run(Thread.java:833)
2022-06-11 10:25:07,990 INFO com.diploma.admisssion.controller.UserContoller [http-nio-8080-exec-1] Logged in with: souravr@gmail.com
2022-06-11 10:25:35,855 INFO com.diploma.admisssion.controller.AdmissionController [http-nio-8080-exec-7] Admissions [academicYear=2021-2024, adminName=, admissionid=20, admissionstatus=Granted, instituteName=Poddar College, regid=29, title=Computer Science, useremail=royr67516@gmail.com, username=Sourav]
